<?xml version="1.0" encoding="UTF-8"?>
<testng-results skipped="0" failed="0" ignored="0" total="1" passed="1">
  <reporter-output>
  </reporter-output>
  <suite name="Suite" duration-ms="61728" started-at="2018-06-26T09:01:15Z" finished-at="2018-06-26T09:02:17Z">
    <groups>
    </groups>
    <test name="Test" duration-ms="61728" started-at="2018-06-26T09:01:15Z" finished-at="2018-06-26T09:02:17Z">
      <class name="testcases.TC003_CreateLead">
        <test-method status="PASS" signature="beforeSuite()[pri:0, instance:testcases.TC003_CreateLead@136e911]" name="beforeSuite" is-config="true" duration-ms="916" started-at="2018-06-26T09:01:14Z" finished-at="2018-06-26T09:01:15Z">
          <reporter-output>
          </reporter-output>
        </test-method> <!-- beforeSuite -->
        <test-method status="PASS" signature="setData()[pri:0, instance:testcases.TC003_CreateLead@136e911]" name="setData" is-config="true" duration-ms="0" started-at="2018-06-26T09:01:15Z" finished-at="2018-06-26T09:01:15Z">
          <reporter-output>
          </reporter-output>
        </test-method> <!-- setData -->
        <test-method status="PASS" signature="beforeClass()[pri:0, instance:testcases.TC003_CreateLead@136e911]" name="beforeClass" is-config="true" duration-ms="26" started-at="2018-06-26T09:01:15Z" finished-at="2018-06-26T09:01:15Z">
          <reporter-output>
          </reporter-output>
        </test-method> <!-- beforeClass -->
        <test-method status="PASS" signature="beforeMethod()[pri:0, instance:testcases.TC003_CreateLead@136e911]" name="beforeMethod" is-config="true" duration-ms="28850" started-at="2018-06-26T09:01:17Z" finished-at="2018-06-26T09:01:46Z">
          <reporter-output>
          </reporter-output>
        </test-method> <!-- beforeMethod -->
        <test-method status="PASS" signature="createLead(java.lang.String, java.lang.String, java.lang.String, java.lang.String, java.lang.String, java.lang.String)[pri:0, instance:testcases.TC003_CreateLead@136e911]" name="createLead" duration-ms="29675" started-at="2018-06-26T09:01:46Z" data-provider="fetchData" finished-at="2018-06-26T09:02:16Z">
          <params>
            <param index="0">
              <value>
                <![CDATA[DemoSalesManager]]>
              </value>
            </param>
            <param index="1">
              <value>
                <![CDATA[crmsfa]]>
              </value>
            </param>
            <param index="2">
              <value>
                <![CDATA[Demo Sales Manager]]>
              </value>
            </param>
            <param index="3">
              <value>
                <![CDATA[HCL]]>
              </value>
            </param>
            <param index="4">
              <value>
                <![CDATA[Bharath]]>
              </value>
            </param>
            <param index="5">
              <value>
                <![CDATA[A]]>
              </value>
            </param>
          </params>
          <reporter-output>
          </reporter-output>
        </test-method> <!-- createLead -->
        <test-method status="PASS" signature="afterMethod()[pri:0, instance:testcases.TC003_CreateLead@136e911]" name="afterMethod" is-config="true" duration-ms="1225" started-at="2018-06-26T09:02:16Z" finished-at="2018-06-26T09:02:17Z">
          <reporter-output>
          </reporter-output>
        </test-method> <!-- afterMethod -->
        <test-method status="PASS" signature="afterTest()[pri:0, instance:testcases.TC003_CreateLead@136e911]" name="afterTest" is-config="true" duration-ms="0" started-at="2018-06-26T09:02:17Z" finished-at="2018-06-26T09:02:17Z">
          <reporter-output>
          </reporter-output>
        </test-method> <!-- afterTest -->
        <test-method status="PASS" signature="afterSuite()[pri:0, instance:testcases.TC003_CreateLead@136e911]" name="afterSuite" is-config="true" duration-ms="1929" started-at="2018-06-26T09:02:17Z" finished-at="2018-06-26T09:02:19Z">
          <reporter-output>
          </reporter-output>
        </test-method> <!-- afterSuite -->
      </class> <!-- testcases.TC003_CreateLead -->
    </test> <!-- Test -->
  </suite> <!-- Suite -->
</testng-results>
